c:\dh\hw\api\api_hw_7_1 (4)\api_hw_7_1\release\vc142.pdb
c:\dh\hw\api\api_hw_7_1 (4)\api_hw_7_1\release\main.obj
c:\dh\hw\api\api_hw_7_1 (4)\api_hw_7_1\release\doublebuffering.obj
c:\dh\hw\api\api_hw_7_1 (4)\api_hw_7_1\release\cyellowbee.obj
c:\dh\hw\api\api_hw_7_1 (4)\api_hw_7_1\release\cookiemove.obj
c:\dh\hw\api\api_hw_7_1 (4)\api_hw_7_1\release\cmob.obj
c:\dh\hw\api\api_hw_7_1 (4)\api_hw_7_1\release\ccookie.obj
c:\dh\hw\api\api_hw_7_1 (4)\api_hw_7_1\release\cbravecookie.obj
c:\dh\hw\api\api_hw_7_1 (4)\release\api_hw_7_1.exe
c:\dh\hw\api\api_hw_7_1 (4)\api_hw_7_1\release\api_hw_7_1.iobj
c:\dh\hw\api\api_hw_7_1 (4)\release\api_hw_7_1.pdb
c:\dh\hw\api\api_hw_7_1 (4)\api_hw_7_1.exe
c:\dh\hw\api\api_hw_7_1 (4)\api_hw_7_1\release\api_hw_7_1.ipdb
c:\dh\hw\api\api_hw_7_1 (4)\api_hw_7_1.pdb
c:\dh\hw\api\api_hw_7_1 (4)\api_hw_7_1\release\api_hw_7_1.tlog\cl.command.1.tlog
c:\dh\hw\api\api_hw_7_1 (4)\api_hw_7_1\release\api_hw_7_1.tlog\cl.read.1.tlog
c:\dh\hw\api\api_hw_7_1 (4)\api_hw_7_1\release\api_hw_7_1.tlog\cl.write.1.tlog
c:\dh\hw\api\api_hw_7_1 (4)\api_hw_7_1\release\api_hw_7_1.tlog\link.command.1.tlog
c:\dh\hw\api\api_hw_7_1 (4)\api_hw_7_1\release\api_hw_7_1.tlog\link.read.1.tlog
c:\dh\hw\api\api_hw_7_1 (4)\api_hw_7_1\release\api_hw_7_1.tlog\link.write.1.tlog
